PolySet has nonplanar faces. Attempting alternate construction
PolySet has nonplanar faces. Attempting alternate construction
ERROR: CGAL error in CGAL_Nef_polyhedron3(): CGAL ERROR: assertion violation!
Expr: ss_circle.has_on(sv_prev->point())
File: /usr/include/CGAL/Nef_3/polygon_mesh_to_nef_3.h
Line: 257
PolySet has nonplanar faces. Attempting alternate construction
PolySet has nonplanar faces. Attempting alternate construction
PolySet has nonplanar faces. Attempting alternate construction
PolySet has nonplanar faces. Attempting alternate construction
PolySet has nonplanar faces. Attempting alternate construction
PolySet has nonplanar faces. Attempting alternate construction
PolySet has nonplanar faces. Attempting alternate construction
PolySet has nonplanar faces. Attempting alternate construction
PolySet has nonplanar faces. Attempting alternate construction
PolySet has nonplanar faces. Attempting alternate construction
ERROR: CGAL error in CGAL_Nef_polyhedron3(): CGAL ERROR: assertion violation!
Expr: ss_circle.has_on(sv_prev->point())
File: /usr/include/CGAL/Nef_3/polygon_mesh_to_nef_3.h
Line: 257
PolySet has nonplanar faces. Attempting alternate construction
PolySet has nonplanar faces. Attempting alternate construction
PolySet has nonplanar faces. Attempting alternate construction
PolySet has nonplanar faces. Attempting alternate construction
PolySet has nonplanar faces. Attempting alternate construction
PolySet has nonplanar faces. Attempting alternate construction
PolySet has nonplanar faces. Attempting alternate construction
PolySet has nonplanar faces. Attempting alternate construction
PolySet has nonplanar faces. Attempting alternate construction
PolySet has nonplanar faces. Attempting alternate construction
PolySet has nonplanar faces. Attempting alternate construction
PolySet has nonplanar faces. Attempting alternate construction
PolySet has nonplanar faces. Attempting alternate construction
PolySet has nonplanar faces. Attempting alternate construction
PolySet has nonplanar faces. Attempting alternate construction
PolySet has nonplanar faces. Attempting alternate construction
PolySet has nonplanar faces. Attempting alternate construction
PolySet has nonplanar faces. Attempting alternate construction
PolySet has nonplanar faces. Attempting alternate construction
PolySet has nonplanar faces. Attempting alternate construction
PolySet has nonplanar faces. Attempting alternate construction
PolySet has nonplanar faces. Attempting alternate construction
PolySet has nonplanar faces. Attempting alternate construction
PolySet has nonplanar faces. Attempting alternate construction
PolySet has nonplanar faces. Attempting alternate construction
PolySet has nonplanar faces. Attempting alternate construction
PolySet has nonplanar faces. Attempting alternate construction
PolySet has nonplanar faces. Attempting alternate construction
PolySet has nonplanar faces. Attempting alternate construction
PolySet has nonplanar faces. Attempting alternate construction
PolySet has nonplanar faces. Attempting alternate construction
PolySet has nonplanar faces. Attempting alternate construction
PolySet has nonplanar faces. Attempting alternate construction
PolySet has nonplanar faces. Attempting alternate construction
PolySet has nonplanar faces. Attempting alternate construction
PolySet has nonplanar faces. Attempting alternate construction
PolySet has nonplanar faces. Attempting alternate construction
PolySet has nonplanar faces. Attempting alternate construction
PolySet has nonplanar faces. Attempting alternate construction
PolySet has nonplanar faces. Attempting alternate construction
PolySet has nonplanar faces. Attempting alternate construction
PolySet has nonplanar faces. Attempting alternate construction
PolySet has nonplanar faces. Attempting alternate construction
PolySet has nonplanar faces. Attempting alternate construction
PolySet has nonplanar faces. Attempting alternate construction
PolySet has nonplanar faces. Attempting alternate construction
PolySet has nonplanar faces. Attempting alternate construction
PolySet has nonplanar faces. Attempting alternate construction
PolySet has nonplanar faces. Attempting alternate construction
PolySet has nonplanar faces. Attempting alternate construction
PolySet has nonplanar faces. Attempting alternate construction
PolySet has nonplanar faces. Attempting alternate construction
PolySet has nonplanar faces. Attempting alternate construction
PolySet has nonplanar faces. Attempting alternate construction
PolySet has nonplanar faces. Attempting alternate construction
PolySet has nonplanar faces. Attempting alternate construction
PolySet has nonplanar faces. Attempting alternate construction
PolySet has nonplanar faces. Attempting alternate construction
PolySet has nonplanar faces. Attempting alternate construction
PolySet has nonplanar faces. Attempting alternate construction
ERROR: CGAL error in CGAL_Nef_polyhedron3(): CGAL ERROR: assertion violation!
Expr: ss_circle.has_on(sv_prev->point())
File: /usr/include/CGAL/Nef_3/polygon_mesh_to_nef_3.h
Line: 257
PolySet has nonplanar faces. Attempting alternate construction
PolySet has nonplanar faces. Attempting alternate construction
PolySet has nonplanar faces. Attempting alternate construction
PolySet has nonplanar faces. Attempting alternate construction
PolySet has nonplanar faces. Attempting alternate construction
PolySet has nonplanar faces. Attempting alternate construction
PolySet has nonplanar faces. Attempting alternate construction
PolySet has nonplanar faces. Attempting alternate construction
PolySet has nonplanar faces. Attempting alternate construction
PolySet has nonplanar faces. Attempting alternate construction
ERROR: CGAL error in CGAL_Nef_polyhedron3(): CGAL ERROR: assertion violation!
Expr: ss_circle.has_on(sv_prev->point())
File: /usr/include/CGAL/Nef_3/polygon_mesh_to_nef_3.h
Line: 257
PolySet has nonplanar faces. Attempting alternate construction
PolySet has nonplanar faces. Attempting alternate construction
PolySet has nonplanar faces. Attempting alternate construction
PolySet has nonplanar faces. Attempting alternate construction
PolySet has nonplanar faces. Attempting alternate construction
PolySet has nonplanar faces. Attempting alternate construction
PolySet has nonplanar faces. Attempting alternate construction
PolySet has nonplanar faces. Attempting alternate construction
PolySet has nonplanar faces. Attempting alternate construction
PolySet has nonplanar faces. Attempting alternate construction
PolySet has nonplanar faces. Attempting alternate construction
PolySet has nonplanar faces. Attempting alternate construction
PolySet has nonplanar faces. Attempting alternate construction
PolySet has nonplanar faces. Attempting alternate construction
PolySet has nonplanar faces. Attempting alternate construction
PolySet has nonplanar faces. Attempting alternate construction
PolySet has nonplanar faces. Attempting alternate construction
PolySet has nonplanar faces. Attempting alternate construction
PolySet has nonplanar faces. Attempting alternate construction
PolySet has nonplanar faces. Attempting alternate construction
PolySet has nonplanar faces. Attempting alternate construction
PolySet has nonplanar faces. Attempting alternate construction
PolySet has nonplanar faces. Attempting alternate construction
PolySet has nonplanar faces. Attempting alternate construction
PolySet has nonplanar faces. Attempting alternate construction
PolySet has nonplanar faces. Attempting alternate construction
PolySet has nonplanar faces. Attempting alternate construction
PolySet has nonplanar faces. Attempting alternate construction
PolySet has nonplanar faces. Attempting alternate construction
PolySet has nonplanar faces. Attempting alternate construction
PolySet has nonplanar faces. Attempting alternate construction
PolySet has nonplanar faces. Attempting alternate construction
PolySet has nonplanar faces. Attempting alternate construction
PolySet has nonplanar faces. Attempting alternate construction
PolySet has nonplanar faces. Attempting alternate construction
PolySet has nonplanar faces. Attempting alternate construction
PolySet has nonplanar faces. Attempting alternate construction
PolySet has nonplanar faces. Attempting alternate construction
PolySet has nonplanar faces. Attempting alternate construction
PolySet has nonplanar faces. Attempting alternate construction
PolySet has nonplanar faces. Attempting alternate construction
PolySet has nonplanar faces. Attempting alternate construction
PolySet has nonplanar faces. Attempting alternate construction
PolySet has nonplanar faces. Attempting alternate construction
PolySet has nonplanar faces. Attempting alternate construction
PolySet has nonplanar faces. Attempting alternate construction
PolySet has nonplanar faces. Attempting alternate construction
PolySet has nonplanar faces. Attempting alternate construction
PolySet has nonplanar faces. Attempting alternate construction
PolySet has nonplanar faces. Attempting alternate construction
PolySet has nonplanar faces. Attempting alternate construction
PolySet has nonplanar faces. Attempting alternate construction
PolySet has nonplanar faces. Attempting alternate construction
PolySet has nonplanar faces. Attempting alternate construction
PolySet has nonplanar faces. Attempting alternate construction
PolySet has nonplanar faces. Attempting alternate construction
PolySet has nonplanar faces. Attempting alternate construction
PolySet has nonplanar faces. Attempting alternate construction
Geometries in cache: 328
Geometry cache size in bytes: 8458592
CGAL Polyhedrons in cache: 3
CGAL cache size in bytes: 92694848
Total rendering time: 0:06:36.633
   Top level object is a 3D object:
   Simple:         no
   Vertices:   139252
   Halfedges:  493602
   Edges:      246801
   Halffacets: 215430
   Facets:     107715
   Volumes:         7
WARNING: Object may not be a valid 2-manifold and may need repair!
EXPORT-WARNING: Exported object may not be a valid 2-manifold and may need repair
